#data counter
0.140028 1
0.196039 2
0.140028 3
0.415390 4
0.140028 5
0.140028 6
0.140028 7
0.271524 8
0.196039 9
0.140028 10
0.140028 11
0.271524 12
0.140028 13
0.140028 14
0.140028 15
0.271524 16
0.140028 17
0.237635 18
0.140028 19
0.237635 20
0.300327 21
0.271524 22
0.237635 23
0.237635 24
0.271524 25
0.140028 26
0.140028 27
0.196039 28
0.140028 29
0.237635 30
0.196039 31
0.237635 32
0.196039 33
0.140028 34
0.140028 35
0.367290 36
0.140028 37
0.140028 38
0.196039 39
0.271524 40
0.237635 41
0.237635 42
0.347540 43
0.140028 44
0.140028 45
0.196039 46
0.140028 47
0.271524 48
0.140028 49
0.196039 50
0.140028 51
0.271524 52
0.347540 53
0.325396 54
0.325396 55
0.140028 56
0.140028 57
0.367290 58
0.237635 59
0.271524 60
0.140028 61
0.000000 62
0.140028 63
0.140028 64
0.325396 65
0.237635 66
0.140028 67
0.300327 68
0.000000 69
0.428403 70
0.347540 71
0.140028 72
0.140028 73
0.300327 74
0.325396 75
0.140028 76
0.196039 77
0.237635 78
0.140028 79
0.140028 80
0.196039 81
0.300327 82
0.196039 83
0.140028 84
0.196039 85
0.140028 86
0.140028 87
0.325396 88
0.140028 89
0.140028 90
0.140028 91
0.237635 92
0.140028 93
0.400979 94
0.325396 95
0.300327 96
0.196039 97
0.196039 98
0.196039 99
0.347540 100
0.140028 101
0.271524 102
0.196039 103
0.325396 104
0.140028 105
0.196039 106
0.271524 107
0.300327 108
0.196039 109
0.140028 110
0.196039 111
0.196039 112
0.237635 113
0.196039 114
0.140028 115
0.325396 116
0.140028 117
0.385013 118
0.140028 119
0.140028 120
0.140028 121
0.196039 122
0.140028 123
0.237635 124
0.196039 125
0.428403 126
0.196039 127
0.300327 128
0.271524 129
0.325396 130
0.367290 131
0.325396 132
0.140028 133
0.271524 134
0.385013 135
0.140028 136
0.196039 137
0.196039 138
0.237635 139
0.140028 140
0.237635 141
0.300327 142
0.196039 143
0.196039 144
0.196039 145
0.140028 146
0.271524 147
0.347540 148
0.367290 149
0.237635 150
0.196039 151
0.196039 152
0.325396 153
0.000000 154
0.271524 155
0.196039 156
0.325396 157
0.196039 158
0.140028 159
0.196039 160
0.347540 161
0.196039 162
0.196039 163
0.271524 164
0.300327 165
0.237635 166
0.300327 167
0.140028 168
0.140028 169
0.271524 170
0.237635 171
0.237635 172
0.367290 173
0.347540 174
0.237635 175
0.325396 176
0.196039 177
0.140028 178
0.271524 179
0.237635 180
0.271524 181
0.140028 182
0.140028 183
0.140028 184
0.271524 185
0.140028 186
0.300327 187
0.300327 188
0.196039 189
0.271524 190
0.140028 191
0.367290 192
0.140028 193
0.237635 194
0.385013 195
0.196039 196
0.271524 197
0.140028 198
0.237635 199
0.271524 200
0.196039 201
0.196039 202
0.385013 203
0.237635 204
0.140028 205
0.196039 206
0.140028 207
0.300327 208
0.385013 209
0.140028 210
0.196039 211
0.196039 212
0.140028 213
0.271524 214
0.237635 215
0.237635 216
0.140028 217
0.237635 218
0.196039 219
0.196039 220
0.140028 221
0.300327 222
0.140028 223
0.237635 224
0.415390 225
0.140028 226
0.196039 227
0.196039 228
0.237635 229
0.196039 230
0.347540 231
0.347540 232
0.196039 233
0.237635 234
0.325396 235
0.237635 236
0.196039 237
0.271524 238
0.367290 239
0.140028 240
0.140028 241
0.196039 242
0.140028 243
0.140028 244
0.237635 245
0.196039 246
0.140028 247
0.140028 248
0.271524 249
0.140028 250
0.271524 251
0.237635 252
0.347540 253
0.140028 254
0.300327 255
0.196039 256
0.347540 257
0.196039 258
0.237635 259
0.140028 260
0.140028 261
0.140028 262
0.196039 263
0.196039 264
0.196039 265
0.140028 266
0.196039 267
0.271524 268
0.237635 269
0.140028 270
0.237635 271
0.271524 272
0.271524 273
0.271524 274
0.196039 275
0.237635 276
0.237635 277
0.237635 278
0.196039 279
0.493089 280
0.400979 281
0.196039 282
0.400979 283
0.196039 284
0.196039 285
0.237635 286
0.140028 287
0.367290 288
0.300327 289
0.325396 290
0.196039 291
0.300327 292
0.196039 293
0.347540 294
0.196039 295
0.140028 296
0.196039 297
0.300327 298
0.237635 299
0.140028 300
0.140028 301
0.140028 302
0.300327 303
0.140028 304
0.237635 305
0.196039 306
0.140028 307
0.196039 308
0.400979 309
0.300327 310
0.196039 311
0.196039 312
0.140028 313
0.196039 314
0.271524 315
0.140028 316
0.140028 317
0.237635 318
0.140028 319
0.237635 320
0.271524 321
0.482640 322
0.196039 323
0.237635 324
0.196039 325
0.140028 326
0.325396 327
0.237635 328
0.140028 329
0.237635 330
0.140028 331
0.000000 332
0.237635 333
0.300327 334
0.196039 335
0.347540 336
0.140028 337
0.237635 338
0.325396 339
0.196039 340
0.140028 341
0.237635 342
0.140028 343
0.196039 344
0.300327 345
0.196039 346
0.237635 347
0.140028 348
0.140028 349
0.196039 350
0.237635 351
0.140028 352
0.237635 353
0.237635 354
0.237635 355
0.196039 356
0.300327 357
0.325396 358
0.196039 359
0.237635 360
0.140028 361
0.428403 362
0.237635 363
0.300327 364
0.271524 365
0.196039 366
0.196039 367
0.271524 368
0.271524 369
0.196039 370
0.140028 371
0.196039 372
0.237635 373
0.140028 374
0.271524 375
0.237635 376
0.140028 377
0.300327 378
0.196039 379
0.140028 380
0.196039 381
0.367290 382
0.140028 383
0.196039 384
0.271524 385
0.196039 386
0.140028 387
0.367290 388
0.300327 389
0.140028 390
0.196039 391
0.140028 392
0.196039 393
0.196039 394
0.237635 395
0.196039 396
0.196039 397
0.140028 398
0.140028 399
0.140028 400
0.140028 401
0.140028 402
0.237635 403
0.140028 404
0.300327 405
0.347540 406
0.237635 407
0.325396 408
0.196039 409
0.196039 410
0.000000 411
0.325396 412
0.196039 413
0.196039 414
0.140028 415
0.140028 416
0.140028 417
0.400979 418
0.196039 419
0.300327 420
0.237635 421
0.300327 422
0.610368 423
0.140028 424
0.196039 425
0.196039 426
0.300327 427
0.140028 428
0.196039 429
0.140028 430
0.347540 431
0.325396 432
0.325396 433
0.196039 434
0.450708 435
0.237635 436
0.140028 437
0.140028 438
0.325396 439
0.237635 440
0.237635 441
0.367290 442
0.140028 443
0.237635 444
0.140028 445
0.140028 446
0.400979 447
0.237635 448
0.196039 449
0.140028 450
0.196039 451
0.325396 452
0.196039 453
0.325396 454
0.271524 455
0.271524 456
0.237635 457
0.140028 458
0.385013 459
0.400979 460
0.347540 461
0.140028 462
0.325396 463
0.325396 464
0.271524 465
0.196039 466
0.196039 467
0.325396 468
0.140028 469
0.196039 470
0.140028 471
0.196039 472
0.400979 473
0.140028 474
0.237635 475
0.237635 476
0.140028 477
0.140028 478
0.237635 479
0.271524 480
0.325396 481
0.140028 482
0.140028 483
0.347540 484
0.140028 485
0.271524 486
0.140028 487
0.140028 488
0.400979 489
0.140028 490
0.440143 491
0.196039 492
0.400979 493
0.300327 494
0.415390 495
0.237635 496
0.237635 497
0.300327 498
0.237635 499
0.237635 500
